<?xml version="1.0" encoding="UTF-8"?>
<!-- Generated by org.testng.reporters.JUnitXMLReporter -->
<testsuite ignored="0" hostname="DESKTOP-29P337K" failures="0" tests="6" name="Test" time="114.387" errors="0" timestamp="23 Apr 2023 21:18:14 GMT">
  <testcase classname="Opportunity.OpportuniteTest" name="createOpportunitiesTest" time="13.204"/>
  <testcase classname="BasicTestScript.ToCreateALeadANdToEdit" name="toCreateALeadAndEditTheLeadAndVerify" time="0.003"/>
  <testcase classname="productModule.CreateAProductTest" name="createProductWithVendorDetailsTest" time="18.849"/>
  <testcase classname="vtiger.ToCreateALeadTest" name="toCreateALeadAndToVerifyTheLead" time="11.576"/>
  <testcase classname="Quote.RunQuoteTest" name="CreateQuoteTestScript" time="16.207"/>
  <testcase classname="SalesOrderTestScript.SalesRunTest" name="CreateTestScript" time="16.902"/>
</testsuite> <!-- Test -->
